# JRE version: OpenJDK Runtime Environment (17.0.10) (build 17.0.10+0--11609105)
# Java VM: OpenJDK 64-Bit Server VM (17.0.10+0--11609105, mixed mode, tiered, compressed oops, compressed class ptrs, g1 gc, windows-amd64)
GC Precious Log:
 CPUs: 4 total, 4 available
 Memory: 8108M
 Large Page Support: Disabled
 NUMA Support: Disabled
 Compressed Oops: Enabled (32-bit)
 Heap Region Size: 1M
 Heap Min Capacity: 8M
 Heap Initial Capacity: 128M
 Heap Max Capacity: 2G
 Pre-touch: Disabled
 Parallel Workers: 4
 Concurrent Workers: 1
 Concurrent Refinement Workers: 4
 Periodic GC: Disabled
Heap:
 garbage-first heap   total 471040K, used 412211K [0x0000000080000000, 0x0000000100000000)
  region size 1024K, 75 young (76800K), 10 survivors (10240K)
 Metaspace       used 215807K, committed 216960K, reserved 1245184K
  class space    used 27065K, committed 27648K, reserved 1048576K
GC Heap History (20 events):
Event: 105.012 GC heap after
{Heap after GC invocations=71 (full 0):
 garbage-first heap   total 471040K, used 261401K [0x0000000080000000, 0x0000000100000000)
  region size 1024K, 8 young (8192K), 8 survivors (8192K)
 Metaspace       used 209237K, committed 210368K, reserved 1245184K
  class space    used 26467K, committed 27008K, reserved 1048576K
}
Event: 107.546 GC heap before
{Heap before GC invocations=71 (full 0):
 garbage-first heap   total 471040K, used 400665K [0x0000000080000000, 0x0000000100000000)
  region size 1024K, 144 young (147456K), 8 survivors (8192K)
 Metaspace       used 209238K, committed 210368K, reserved 1245184K
  class space    used 26467K, committed 27008K, reserved 1048576K
}
Event: 107.557 GC heap after
{Heap after GC invocations=72 (full 0):
 garbage-first heap   total 471040K, used 264836K [0x0000000080000000, 0x0000000100000000)
  region size 1024K, 12 young (12288K), 12 survivors (12288K)
 Metaspace       used 209238K, committed 210368K, reserved 1245184K
  class space    used 26467K, committed 27008K, reserved 1048576K
}
Event: 111.834 GC heap before
{Heap before GC invocations=72 (full 0):
 garbage-first heap   total 471040K, used 401028K [0x0000000080000000, 0x0000000100000000)
  region size 1024K, 145 young (148480K), 12 survivors (12288K)
 Metaspace       used 209240K, committed 210368K, reserved 1245184K
  class space    used 26467K, committed 27008K, reserved 1048576K
}
Event: 111.846 GC heap after
{Heap after GC invocations=73 (full 0):
 garbage-first heap   total 471040K, used 267925K [0x0000000080000000, 0x0000000100000000)
  region size 1024K, 12 young (12288K), 12 survivors (12288K)
 Metaspace       used 209240K, committed 210368K, reserved 1245184K
  class space    used 26467K, committed 27008K, reserved 1048576K
}
Event: 114.108 GC heap before
{Heap before GC invocations=73 (full 0):
 garbage-first heap   total 471040K, used 403093K [0x0000000080000000, 0x0000000100000000)
  region size 1024K, 144 young (147456K), 12 survivors (12288K)
 Metaspace       used 209241K, committed 210368K, reserved 1245184K
  class space    used 26467K, committed 27008K, reserved 1048576K
}
Event: 114.120 GC heap after
{Heap after GC invocations=74 (full 0):
 garbage-first heap   total 471040K, used 270257K [0x0000000080000000, 0x0000000100000000)
  region size 1024K, 12 young (12288K), 12 survivors (12288K)
 Metaspace       used 209241K, committed 210368K, reserved 1245184K
  class space    used 26467K, committed 27008K, reserved 1048576K
}
Event: 116.375 GC heap before
{Heap before GC invocations=74 (full 0):
 garbage-first heap   total 471040K, used 403377K [0x0000000080000000, 0x0000000100000000)
  region size 1024K, 142 young (145408K), 12 survivors (12288K)
 Metaspace       used 209243K, committed 210368K, reserved 1245184K
  class space    used 26467K, committed 27008K, reserved 1048576K
}
Event: 116.386 GC heap after
{Heap after GC invocations=75 (full 0):
 garbage-first heap   total 471040K, used 273446K [0x0000000080000000, 0x0000000100000000)
  region size 1024K, 11 young (11264K), 11 survivors (11264K)
 Metaspace       used 209243K, committed 210368K, reserved 1245184K
  class space    used 26467K, committed 27008K, reserved 1048576K
}
Event: 118.505 GC heap before
{Heap before GC invocations=75 (full 0):
 garbage-first heap   total 471040K, used 404518K [0x0000000080000000, 0x0000000100000000)
  region size 1024K, 139 young (142336K), 11 survivors (11264K)
 Metaspace       used 209243K, committed 210368K, reserved 1245184K
  class space    used 26467K, committed 27008K, reserved 1048576K
}
Event: 118.516 GC heap after
{Heap after GC invocations=76 (full 0):
 garbage-first heap   total 471040K, used 276470K [0x0000000080000000, 0x0000000100000000)
  region size 1024K, 11 young (11264K), 11 survivors (11264K)
 Metaspace       used 209243K, committed 210368K, reserved 1245184K
  class space    used 26467K, committed 27008K, reserved 1048576K
}
Event: 120.758 GC heap before
{Heap before GC invocations=76 (full 0):
 garbage-first heap   total 471040K, used 412662K [0x0000000080000000, 0x0000000100000000)
  region size 1024K, 137 young (140288K), 11 survivors (11264K)
 Metaspace       used 211832K, committed 212928K, reserved 1245184K
  class space    used 26761K, committed 27264K, reserved 1048576K
}
Event: 120.771 GC heap after
{Heap after GC invocations=77 (full 0):
 garbage-first heap   total 471040K, used 280115K [0x0000000080000000, 0x0000000100000000)
  region size 1024K, 11 young (11264K), 11 survivors (11264K)
 Metaspace       used 211832K, committed 212928K, reserved 1245184K
  class space    used 26761K, committed 27264K, reserved 1048576K
}
Event: 3635.986 GC heap before
{Heap before GC invocations=77 (full 0):
 garbage-first heap   total 471040K, used 404019K [0x0000000080000000, 0x0000000100000000)
  region size 1024K, 133 young (136192K), 11 survivors (11264K)
 Metaspace       used 215182K, committed 216384K, reserved 1245184K
  class space    used 27050K, committed 27648K, reserved 1048576K
}
Event: 3636.015 GC heap after
{Heap after GC invocations=78 (full 0):
 garbage-first heap   total 471040K, used 281423K [0x0000000080000000, 0x0000000100000000)
  region size 1024K, 10 young (10240K), 10 survivors (10240K)
 Metaspace       used 215182K, committed 216384K, reserved 1245184K
  class space    used 27050K, committed 27648K, reserved 1048576K
}
Event: 3637.062 GC heap before
{Heap before GC invocations=78 (full 0):
 garbage-first heap   total 471040K, used 420687K [0x0000000080000000, 0x0000000100000000)
  region size 1024K, 133 young (136192K), 10 survivors (10240K)
 Metaspace       used 215333K, committed 216512K, reserved 1245184K
  class space    used 27056K, committed 27648K, reserved 1048576K
}
Event: 3637.123 GC heap after
{Heap after GC invocations=79 (full 0):
 garbage-first heap   total 471040K, used 319005K [0x0000000080000000, 0x0000000100000000)
  region size 1024K, 17 young (17408K), 17 survivors (17408K)
 Metaspace       used 215333K, committed 216512K, reserved 1245184K
  class space    used 27056K, committed 27648K, reserved 1048576K
}
Event: 3637.536 GC heap before
{Heap before GC invocations=79 (full 0):
 garbage-first heap   total 471040K, used 393757K [0x0000000080000000, 0x0000000100000000)
  region size 1024K, 89 young (91136K), 17 survivors (17408K)
 Metaspace       used 215483K, committed 216640K, reserved 1245184K
  class space    used 27056K, committed 27648K, reserved 1048576K
}
Event: 3637.574 GC heap after
{Heap after GC invocations=80 (full 0):
 garbage-first heap   total 471040K, used 330291K [0x0000000080000000, 0x0000000100000000)
  region size 1024K, 10 young (10240K), 10 survivors (10240K)
 Metaspace       used 215483K, committed 216640K, reserved 1245184K
  class space    used 27056K, committed 27648K, reserved 1048576K
}
Event: 3638.347 GC heap before
{Heap before GC invocations=80 (full 0):
 garbage-first heap   total 471040K, used 412211K [0x0000000080000000, 0x0000000100000000)
  region size 1024K, 75 young (76800K), 10 survivors (10240K)
 Metaspace       used 215807K, committed 216960K, reserved 1245184K
  class space    used 27065K, committed 27648K, reserved 1048576K
}

